Symlinking /home/iftimie/tiago_public_ws/devel/include/controller_manager_msgs/UnloadControllerRequest.h
Symlinking /home/iftimie/tiago_public_ws/devel/include/controller_manager_msgs/UnloadControllerResponse.h
Symlinking /home/iftimie/tiago_public_ws/devel/include/controller_manager_msgs/ControllersStatistics.h
Symlinking /home/iftimie/tiago_public_ws/devel/include/controller_manager_msgs/SwitchControllerRequest.h
Symlinking /home/iftimie/tiago_public_ws/devel/include/controller_manager_msgs/LoadControllerResponse.h
Symlinking /home/iftimie/tiago_public_ws/devel/include/controller_manager_msgs/ListControllersRequest.h
Symlinking /home/iftimie/tiago_public_ws/devel/include/controller_manager_msgs/ReloadControllerLibrariesResponse.h
Symlinking /home/iftimie/tiago_public_ws/devel/include/controller_manager_msgs/ListControllersResponse.h
Symlinking /home/iftimie/tiago_public_ws/devel/include/controller_manager_msgs/LoadControllerRequest.h
Symlinking /home/iftimie/tiago_public_ws/devel/include/controller_manager_msgs/ListControllers.h
Symlinking /home/iftimie/tiago_public_ws/devel/include/controller_manager_msgs/ListControllerTypesResponse.h
Symlinking /home/iftimie/tiago_public_ws/devel/include/controller_manager_msgs/ReloadControllerLibrariesRequest.h
Symlinking /home/iftimie/tiago_public_ws/devel/include/controller_manager_msgs/SwitchControllerResponse.h
Symlinking /home/iftimie/tiago_public_ws/devel/include/controller_manager_msgs/LoadController.h
Symlinking /home/iftimie/tiago_public_ws/devel/include/controller_manager_msgs/UnloadController.h
Symlinking /home/iftimie/tiago_public_ws/devel/include/controller_manager_msgs/ControllerState.h
Symlinking /home/iftimie/tiago_public_ws/devel/include/controller_manager_msgs/SwitchController.h
Symlinking /home/iftimie/tiago_public_ws/devel/include/controller_manager_msgs/ReloadControllerLibraries.h
Symlinking /home/iftimie/tiago_public_ws/devel/include/controller_manager_msgs/ListControllerTypesRequest.h
Symlinking /home/iftimie/tiago_public_ws/devel/include/controller_manager_msgs/ListControllerTypes.h
Symlinking /home/iftimie/tiago_public_ws/devel/include/controller_manager_msgs/ControllerStatistics.h
Symlinking /home/iftimie/tiago_public_ws/devel/share/controller_manager_msgs/cmake/controller_manager_msgsConfig.cmake
Symlinking /home/iftimie/tiago_public_ws/devel/share/controller_manager_msgs/cmake/controller_manager_msgsConfig-version.cmake
Symlinking /home/iftimie/tiago_public_ws/devel/share/controller_manager_msgs/cmake/controller_manager_msgs-msg-paths.cmake
Symlinking /home/iftimie/tiago_public_ws/devel/share/controller_manager_msgs/cmake/controller_manager_msgs-msg-extras.cmake
Symlinking /home/iftimie/tiago_public_ws/devel/share/common-lisp/ros/controller_manager_msgs/srv/UnloadController.lisp
Symlinking /home/iftimie/tiago_public_ws/devel/share/common-lisp/ros/controller_manager_msgs/srv/_package_UnloadController.lisp
Symlinking /home/iftimie/tiago_public_ws/devel/share/common-lisp/ros/controller_manager_msgs/srv/_package_ListControllers.lisp
Symlinking /home/iftimie/tiago_public_ws/devel/share/common-lisp/ros/controller_manager_msgs/srv/_package_SwitchController.lisp
Symlinking /home/iftimie/tiago_public_ws/devel/share/common-lisp/ros/controller_manager_msgs/srv/_package_LoadController.lisp
Symlinking /home/iftimie/tiago_public_ws/devel/share/common-lisp/ros/controller_manager_msgs/srv/ListControllers.lisp
Symlinking /home/iftimie/tiago_public_ws/devel/share/common-lisp/ros/controller_manager_msgs/srv/ListControllerTypes.lisp
Symlinking /home/iftimie/tiago_public_ws/devel/share/common-lisp/ros/controller_manager_msgs/srv/_package.lisp
Symlinking /home/iftimie/tiago_public_ws/devel/share/common-lisp/ros/controller_manager_msgs/srv/_package_ReloadControllerLibraries.lisp
Symlinking /home/iftimie/tiago_public_ws/devel/share/common-lisp/ros/controller_manager_msgs/srv/ReloadControllerLibraries.lisp
Symlinking /home/iftimie/tiago_public_ws/devel/share/common-lisp/ros/controller_manager_msgs/srv/controller_manager_msgs-srv.asd
Symlinking /home/iftimie/tiago_public_ws/devel/share/common-lisp/ros/controller_manager_msgs/srv/LoadController.lisp
Symlinking /home/iftimie/tiago_public_ws/devel/share/common-lisp/ros/controller_manager_msgs/srv/_package_ListControllerTypes.lisp
Symlinking /home/iftimie/tiago_public_ws/devel/share/common-lisp/ros/controller_manager_msgs/srv/SwitchController.lisp
Symlinking /home/iftimie/tiago_public_ws/devel/share/common-lisp/ros/controller_manager_msgs/msg/_package_ControllersStatistics.lisp
Symlinking /home/iftimie/tiago_public_ws/devel/share/common-lisp/ros/controller_manager_msgs/msg/_package.lisp
Symlinking /home/iftimie/tiago_public_ws/devel/share/common-lisp/ros/controller_manager_msgs/msg/_package_ControllerState.lisp
Symlinking /home/iftimie/tiago_public_ws/devel/share/common-lisp/ros/controller_manager_msgs/msg/ControllersStatistics.lisp
Symlinking /home/iftimie/tiago_public_ws/devel/share/common-lisp/ros/controller_manager_msgs/msg/controller_manager_msgs-msg.asd
Symlinking /home/iftimie/tiago_public_ws/devel/share/common-lisp/ros/controller_manager_msgs/msg/ControllerStatistics.lisp
Symlinking /home/iftimie/tiago_public_ws/devel/share/common-lisp/ros/controller_manager_msgs/msg/ControllerState.lisp
Symlinking /home/iftimie/tiago_public_ws/devel/share/common-lisp/ros/controller_manager_msgs/msg/_package_ControllerStatistics.lisp
Symlinking /home/iftimie/tiago_public_ws/devel/lib/python2.7/dist-packages/controller_manager_msgs/__init__.py
Symlinking /home/iftimie/tiago_public_ws/devel/lib/python2.7/dist-packages/controller_manager_msgs/srv/_SwitchController.py
Symlinking /home/iftimie/tiago_public_ws/devel/lib/python2.7/dist-packages/controller_manager_msgs/srv/_ReloadControllerLibraries.py
Symlinking /home/iftimie/tiago_public_ws/devel/lib/python2.7/dist-packages/controller_manager_msgs/srv/_LoadController.py
Symlinking /home/iftimie/tiago_public_ws/devel/lib/python2.7/dist-packages/controller_manager_msgs/srv/_ListControllerTypes.py
Symlinking /home/iftimie/tiago_public_ws/devel/lib/python2.7/dist-packages/controller_manager_msgs/srv/_ListControllers.py
Symlinking /home/iftimie/tiago_public_ws/devel/lib/python2.7/dist-packages/controller_manager_msgs/srv/_UnloadController.py
Symlinking /home/iftimie/tiago_public_ws/devel/lib/python2.7/dist-packages/controller_manager_msgs/srv/__init__.py
Symlinking /home/iftimie/tiago_public_ws/devel/lib/python2.7/dist-packages/controller_manager_msgs/msg/_ControllerStatistics.py
Symlinking /home/iftimie/tiago_public_ws/devel/lib/python2.7/dist-packages/controller_manager_msgs/msg/_ControllersStatistics.py
Symlinking /home/iftimie/tiago_public_ws/devel/lib/python2.7/dist-packages/controller_manager_msgs/msg/_ControllerState.py
Symlinking /home/iftimie/tiago_public_ws/devel/lib/python2.7/dist-packages/controller_manager_msgs/msg/__init__.py
Symlinking /home/iftimie/tiago_public_ws/devel/lib/pkgconfig/controller_manager_msgs.pc
