Symlinking /home/iftimie/tiago_public_ws/devel/include/tf_lookup/TfStreamFeedback.h
Symlinking /home/iftimie/tiago_public_ws/devel/include/tf_lookup/TfLookupActionGoal.h
Symlinking /home/iftimie/tiago_public_ws/devel/include/tf_lookup/lookupTransformResponse.h
Symlinking /home/iftimie/tiago_public_ws/devel/include/tf_lookup/TfLookupResult.h
Symlinking /home/iftimie/tiago_public_ws/devel/include/tf_lookup/TfLookupActionResult.h
Symlinking /home/iftimie/tiago_public_ws/devel/include/tf_lookup/TfStreamResult.h
Symlinking /home/iftimie/tiago_public_ws/devel/include/tf_lookup/TfLookupActionFeedback.h
Symlinking /home/iftimie/tiago_public_ws/devel/include/tf_lookup/lookupTransformRequest.h
Symlinking /home/iftimie/tiago_public_ws/devel/include/tf_lookup/TfStreamGoal.h
Symlinking /home/iftimie/tiago_public_ws/devel/include/tf_lookup/TfLookupFeedback.h
Symlinking /home/iftimie/tiago_public_ws/devel/include/tf_lookup/TfStreamActionGoal.h
Symlinking /home/iftimie/tiago_public_ws/devel/include/tf_lookup/TfLookupAction.h
Symlinking /home/iftimie/tiago_public_ws/devel/include/tf_lookup/TfStreamActionResult.h
Symlinking /home/iftimie/tiago_public_ws/devel/include/tf_lookup/TfStreamActionFeedback.h
Symlinking /home/iftimie/tiago_public_ws/devel/include/tf_lookup/Subscription.h
Symlinking /home/iftimie/tiago_public_ws/devel/include/tf_lookup/lookupTransform.h
Symlinking /home/iftimie/tiago_public_ws/devel/include/tf_lookup/TfStreamAction.h
Symlinking /home/iftimie/tiago_public_ws/devel/include/tf_lookup/TfLookupGoal.h
Symlinking /home/iftimie/tiago_public_ws/devel/share/common-lisp/ros/tf_lookup/srv/tf_lookup-srv.asd
Symlinking /home/iftimie/tiago_public_ws/devel/share/common-lisp/ros/tf_lookup/srv/_package.lisp
Symlinking /home/iftimie/tiago_public_ws/devel/share/common-lisp/ros/tf_lookup/srv/_package_lookupTransform.lisp
Symlinking /home/iftimie/tiago_public_ws/devel/share/common-lisp/ros/tf_lookup/srv/lookupTransform.lisp
Symlinking /home/iftimie/tiago_public_ws/devel/share/common-lisp/ros/tf_lookup/msg/_package_Subscription.lisp
Symlinking /home/iftimie/tiago_public_ws/devel/share/common-lisp/ros/tf_lookup/msg/_package_TfStreamActionResult.lisp
Symlinking /home/iftimie/tiago_public_ws/devel/share/common-lisp/ros/tf_lookup/msg/TfLookupActionGoal.lisp
Symlinking /home/iftimie/tiago_public_ws/devel/share/common-lisp/ros/tf_lookup/msg/_package_TfLookupFeedback.lisp
Symlinking /home/iftimie/tiago_public_ws/devel/share/common-lisp/ros/tf_lookup/msg/TfStreamResult.lisp
Symlinking /home/iftimie/tiago_public_ws/devel/share/common-lisp/ros/tf_lookup/msg/TfStreamGoal.lisp
Symlinking /home/iftimie/tiago_public_ws/devel/share/common-lisp/ros/tf_lookup/msg/_package_TfLookupActionFeedback.lisp
Symlinking /home/iftimie/tiago_public_ws/devel/share/common-lisp/ros/tf_lookup/msg/_package_TfLookupAction.lisp
Symlinking /home/iftimie/tiago_public_ws/devel/share/common-lisp/ros/tf_lookup/msg/_package_TfLookupGoal.lisp
Symlinking /home/iftimie/tiago_public_ws/devel/share/common-lisp/ros/tf_lookup/msg/_package.lisp
Symlinking /home/iftimie/tiago_public_ws/devel/share/common-lisp/ros/tf_lookup/msg/_package_TfStreamGoal.lisp
Symlinking /home/iftimie/tiago_public_ws/devel/share/common-lisp/ros/tf_lookup/msg/_package_TfStreamActionGoal.lisp
Symlinking /home/iftimie/tiago_public_ws/devel/share/common-lisp/ros/tf_lookup/msg/_package_TfStreamAction.lisp
Symlinking /home/iftimie/tiago_public_ws/devel/share/common-lisp/ros/tf_lookup/msg/TfStreamActionGoal.lisp
Symlinking /home/iftimie/tiago_public_ws/devel/share/common-lisp/ros/tf_lookup/msg/_package_TfStreamResult.lisp
Symlinking /home/iftimie/tiago_public_ws/devel/share/common-lisp/ros/tf_lookup/msg/Subscription.lisp
Symlinking /home/iftimie/tiago_public_ws/devel/share/common-lisp/ros/tf_lookup/msg/TfStreamFeedback.lisp
Symlinking /home/iftimie/tiago_public_ws/devel/share/common-lisp/ros/tf_lookup/msg/TfStreamAction.lisp
Symlinking /home/iftimie/tiago_public_ws/devel/share/common-lisp/ros/tf_lookup/msg/_package_TfStreamActionFeedback.lisp
Symlinking /home/iftimie/tiago_public_ws/devel/share/common-lisp/ros/tf_lookup/msg/_package_TfLookupActionGoal.lisp
Symlinking /home/iftimie/tiago_public_ws/devel/share/common-lisp/ros/tf_lookup/msg/TfLookupActionResult.lisp
Symlinking /home/iftimie/tiago_public_ws/devel/share/common-lisp/ros/tf_lookup/msg/tf_lookup-msg.asd
Symlinking /home/iftimie/tiago_public_ws/devel/share/common-lisp/ros/tf_lookup/msg/TfStreamActionResult.lisp
Symlinking /home/iftimie/tiago_public_ws/devel/share/common-lisp/ros/tf_lookup/msg/_package_TfStreamFeedback.lisp
Symlinking /home/iftimie/tiago_public_ws/devel/share/common-lisp/ros/tf_lookup/msg/TfStreamActionFeedback.lisp
Symlinking /home/iftimie/tiago_public_ws/devel/share/common-lisp/ros/tf_lookup/msg/_package_TfLookupResult.lisp
Symlinking /home/iftimie/tiago_public_ws/devel/share/common-lisp/ros/tf_lookup/msg/TfLookupResult.lisp
Symlinking /home/iftimie/tiago_public_ws/devel/share/common-lisp/ros/tf_lookup/msg/TfLookupGoal.lisp
Symlinking /home/iftimie/tiago_public_ws/devel/share/common-lisp/ros/tf_lookup/msg/_package_TfLookupActionResult.lisp
Symlinking /home/iftimie/tiago_public_ws/devel/share/common-lisp/ros/tf_lookup/msg/TfLookupFeedback.lisp
Symlinking /home/iftimie/tiago_public_ws/devel/share/common-lisp/ros/tf_lookup/msg/TfLookupActionFeedback.lisp
Symlinking /home/iftimie/tiago_public_ws/devel/share/common-lisp/ros/tf_lookup/msg/TfLookupAction.lisp
Symlinking /home/iftimie/tiago_public_ws/devel/share/tf_lookup/cmake/tf_lookupConfig.cmake
Symlinking /home/iftimie/tiago_public_ws/devel/share/tf_lookup/cmake/tf_lookupConfig-version.cmake
Symlinking /home/iftimie/tiago_public_ws/devel/share/tf_lookup/cmake/tf_lookup-msg-extras.cmake
Symlinking /home/iftimie/tiago_public_ws/devel/share/tf_lookup/cmake/tf_lookup-msg-paths.cmake
Symlinking /home/iftimie/tiago_public_ws/devel/share/tf_lookup/msg/TfStreamActionGoal.msg
Symlinking /home/iftimie/tiago_public_ws/devel/share/tf_lookup/msg/TfStreamResult.msg
Symlinking /home/iftimie/tiago_public_ws/devel/share/tf_lookup/msg/TfLookupActionGoal.msg
Symlinking /home/iftimie/tiago_public_ws/devel/share/tf_lookup/msg/TfStreamAction.msg
Symlinking /home/iftimie/tiago_public_ws/devel/share/tf_lookup/msg/TfStreamActionFeedback.msg
Symlinking /home/iftimie/tiago_public_ws/devel/share/tf_lookup/msg/TfLookupGoal.msg
Symlinking /home/iftimie/tiago_public_ws/devel/share/tf_lookup/msg/TfLookupActionFeedback.msg
Symlinking /home/iftimie/tiago_public_ws/devel/share/tf_lookup/msg/TfLookupResult.msg
Symlinking /home/iftimie/tiago_public_ws/devel/share/tf_lookup/msg/TfLookupActionResult.msg
Symlinking /home/iftimie/tiago_public_ws/devel/share/tf_lookup/msg/TfStreamGoal.msg
Symlinking /home/iftimie/tiago_public_ws/devel/share/tf_lookup/msg/TfLookupAction.msg
Symlinking /home/iftimie/tiago_public_ws/devel/share/tf_lookup/msg/TfStreamActionResult.msg
Symlinking /home/iftimie/tiago_public_ws/devel/share/tf_lookup/msg/TfStreamFeedback.msg
Symlinking /home/iftimie/tiago_public_ws/devel/share/tf_lookup/msg/TfLookupFeedback.msg
Symlinking /home/iftimie/tiago_public_ws/devel/lib/python2.7/dist-packages/tf_lookup/__init__.py
Symlinking /home/iftimie/tiago_public_ws/devel/lib/python2.7/dist-packages/tf_lookup/srv/_lookupTransform.py
Symlinking /home/iftimie/tiago_public_ws/devel/lib/python2.7/dist-packages/tf_lookup/srv/__init__.py
Symlinking /home/iftimie/tiago_public_ws/devel/lib/python2.7/dist-packages/tf_lookup/msg/_TfStreamActionFeedback.py
Symlinking /home/iftimie/tiago_public_ws/devel/lib/python2.7/dist-packages/tf_lookup/msg/_TfStreamFeedback.py
Symlinking /home/iftimie/tiago_public_ws/devel/lib/python2.7/dist-packages/tf_lookup/msg/_TfLookupFeedback.py
Symlinking /home/iftimie/tiago_public_ws/devel/lib/python2.7/dist-packages/tf_lookup/msg/_TfStreamGoal.py
Symlinking /home/iftimie/tiago_public_ws/devel/lib/python2.7/dist-packages/tf_lookup/msg/_TfStreamActionGoal.py
Symlinking /home/iftimie/tiago_public_ws/devel/lib/python2.7/dist-packages/tf_lookup/msg/_TfLookupGoal.py
Symlinking /home/iftimie/tiago_public_ws/devel/lib/python2.7/dist-packages/tf_lookup/msg/_TfStreamAction.py
Symlinking /home/iftimie/tiago_public_ws/devel/lib/python2.7/dist-packages/tf_lookup/msg/_TfLookupActionGoal.py
Symlinking /home/iftimie/tiago_public_ws/devel/lib/python2.7/dist-packages/tf_lookup/msg/_TfLookupAction.py
Symlinking /home/iftimie/tiago_public_ws/devel/lib/python2.7/dist-packages/tf_lookup/msg/_TfLookupActionFeedback.py
Symlinking /home/iftimie/tiago_public_ws/devel/lib/python2.7/dist-packages/tf_lookup/msg/_TfStreamResult.py
Symlinking /home/iftimie/tiago_public_ws/devel/lib/python2.7/dist-packages/tf_lookup/msg/_TfStreamActionResult.py
Symlinking /home/iftimie/tiago_public_ws/devel/lib/python2.7/dist-packages/tf_lookup/msg/_TfLookupActionResult.py
Symlinking /home/iftimie/tiago_public_ws/devel/lib/python2.7/dist-packages/tf_lookup/msg/_Subscription.py
Symlinking /home/iftimie/tiago_public_ws/devel/lib/python2.7/dist-packages/tf_lookup/msg/_TfLookupResult.py
Symlinking /home/iftimie/tiago_public_ws/devel/lib/python2.7/dist-packages/tf_lookup/msg/__init__.py
Symlinking /home/iftimie/tiago_public_ws/devel/lib/pkgconfig/tf_lookup.pc
Symlinking /home/iftimie/tiago_public_ws/devel/lib/tf_lookup/tf_lookup
